2021-04-16 16:57:13,118: [INFO] Starting chromedevtools (scanner.py:177)
2021-04-16 16:57:42,248: [INFO] Finished chromedevtools (scanner.py:201)
2021-04-16 16:58:40,356: [INFO] Starting chromedevtools (scanner.py:177)
2021-04-16 16:59:09,441: [INFO] Finished chromedevtools (scanner.py:201)
2021-04-16 16:59:54,490: [INFO] Starting chromedevtools (scanner.py:177)
2021-04-16 17:00:23,738: [INFO] Finished chromedevtools (scanner.py:201)
2021-04-16 17:20:24,457: [INFO] Starting chromedevtools (scanner.py:177)
2021-04-16 17:21:13,985: [INFO] Starting chromedevtools (scanner.py:177)
2021-04-16 17:21:43,529: [INFO] Finished chromedevtools (scanner.py:201)
2021-04-16 17:22:28,598: [INFO] Starting chromedevtools (scanner.py:177)
2021-04-16 17:22:58,159: [INFO] Finished chromedevtools (scanner.py:201)
2021-04-16 17:24:24,895: [INFO] Starting chromedevtools (scanner.py:177)
2021-04-16 17:39:40,509: [INFO] Starting chromedevtools (scanner.py:177)
2021-04-16 17:40:16,680: [INFO] Finished chromedevtools (scanner.py:201)
2021-04-16 17:41:31,585: [INFO] Starting chromedevtools (scanner.py:177)
2021-04-16 17:42:01,992: [INFO] Finished chromedevtools (scanner.py:201)
2021-04-16 17:48:44,149: [INFO] Starting chromedevtools (scanner.py:177)
2021-04-16 17:49:16,036: [INFO] Finished chromedevtools (scanner.py:201)
2021-04-16 17:51:23,925: [INFO] Starting chromedevtools (scanner.py:177)
2021-04-16 17:51:40,259: [INFO] Starting chromedevtools (scanner.py:177)
2021-04-16 17:52:10,580: [INFO] Finished chromedevtools (scanner.py:201)
2021-04-16 18:09:16,382: [INFO] Starting chromedevtools (scanner.py:177)
2021-04-16 18:09:50,906: [INFO] Finished chromedevtools (scanner.py:201)
2021-04-16 18:14:55,015: [INFO] Starting chromedevtools (scanner.py:177)
2021-04-16 18:15:27,472: [INFO] Finished chromedevtools (scanner.py:201)
2021-04-16 18:16:04,948: [INFO] Starting chromedevtools (scanner.py:177)
2021-04-16 18:16:38,060: [INFO] Finished chromedevtools (scanner.py:201)
2021-04-16 18:20:09,931: [INFO] Starting chromedevtools (scanner.py:177)
2021-04-16 18:20:40,556: [INFO] Finished chromedevtools (scanner.py:201)
2021-04-16 18:21:22,682: [INFO] Starting chromedevtools (scanner.py:177)
2021-04-16 18:21:53,618: [INFO] Finished chromedevtools (scanner.py:201)
2021-04-16 18:38:18,863: [INFO] Starting chromedevtools (scanner.py:177)
2021-04-16 18:38:54,217: [INFO] Finished chromedevtools (scanner.py:201)
2021-04-16 18:44:07,468: [INFO] Starting chromedevtools (scanner.py:177)
2021-04-16 18:44:37,484: [INFO] Finished chromedevtools (scanner.py:201)
2021-04-16 18:51:23,710: [INFO] Starting chromedevtools (scanner.py:177)
2021-04-16 18:51:53,527: [INFO] Finished chromedevtools (scanner.py:201)
2021-04-16 18:54:19,334: [INFO] Starting chromedevtools (scanner.py:177)
2021-04-16 18:54:48,872: [INFO] Finished chromedevtools (scanner.py:201)
2021-04-16 18:56:55,477: [INFO] Starting chromedevtools (scanner.py:177)
2021-04-16 18:57:25,453: [INFO] Finished chromedevtools (scanner.py:201)
2021-04-16 18:59:42,078: [INFO] Starting chromedevtools (scanner.py:177)
2021-04-16 19:00:15,744: [INFO] Finished chromedevtools (scanner.py:201)
2021-04-16 19:04:02,344: [INFO] Starting chromedevtools (scanner.py:177)
2021-04-16 19:04:32,047: [INFO] Finished chromedevtools (scanner.py:201)
2021-04-16 19:12:31,615: [INFO] Starting chromedevtools (scanner.py:177)
2021-04-16 19:12:49,536: [INFO] Starting chromedevtools (scanner.py:177)
2021-04-16 19:13:02,436: [INFO] Starting chromedevtools (scanner.py:177)
2021-04-16 19:13:34,146: [INFO] Finished chromedevtools (scanner.py:201)
2021-04-16 19:22:01,419: [INFO] Starting chromedevtools (scanner.py:177)
2021-04-16 19:22:31,924: [INFO] Finished chromedevtools (scanner.py:201)
2021-04-16 19:27:31,623: [INFO] Starting chromedevtools (scanner.py:177)
2021-04-16 19:27:54,713: [INFO] Starting chromedevtools (scanner.py:177)
2021-04-16 19:28:24,547: [INFO] Finished chromedevtools (scanner.py:201)
2021-04-16 22:50:16,427: [INFO] Starting chromedevtools (scanner.py:177)
2021-04-16 22:50:45,489: [INFO] Finished chromedevtools (scanner.py:201)
2021-04-16 22:58:22,301: [INFO] Starting chromedevtools (scanner.py:177)
2021-04-16 22:58:52,510: [INFO] Finished chromedevtools (scanner.py:201)
2021-04-16 23:04:02,908: [INFO] Starting chromedevtools (scanner.py:177)
2021-04-16 23:15:54,671: [INFO] Starting chromedevtools (scanner.py:177)
2021-04-16 23:16:24,449: [INFO] Finished chromedevtools (scanner.py:201)
2021-04-16 23:28:00,086: [INFO] Starting chromedevtools (scanner.py:177)
2021-04-16 23:28:29,947: [INFO] Finished chromedevtools (scanner.py:201)
2021-04-16 23:29:08,759: [INFO] Starting chromedevtools (scanner.py:177)
2021-04-16 23:29:39,131: [INFO] Finished chromedevtools (scanner.py:201)
2021-04-16 23:35:56,453: [INFO] Starting chromedevtools (scanner.py:177)
2021-04-16 23:36:26,581: [INFO] Finished chromedevtools (scanner.py:201)
2021-04-16 23:40:55,578: [INFO] Starting chromedevtools (scanner.py:177)
2021-04-16 23:41:24,666: [INFO] Finished chromedevtools (scanner.py:201)
2021-04-16 23:43:04,756: [INFO] Starting chromedevtools (scanner.py:177)
2021-04-16 23:43:34,660: [INFO] Finished chromedevtools (scanner.py:201)
2021-04-16 23:44:26,409: [INFO] Starting chromedevtools (scanner.py:177)
2021-04-16 23:44:55,871: [INFO] Finished chromedevtools (scanner.py:201)
2021-04-16 23:47:01,071: [INFO] Starting chromedevtools (scanner.py:177)
2021-04-16 23:47:32,576: [INFO] Finished chromedevtools (scanner.py:201)
2021-04-17 00:06:59,064: [INFO] Starting chromedevtools (scanner.py:177)
2021-04-17 00:07:29,295: [INFO] Finished chromedevtools (scanner.py:201)
2021-04-17 00:18:15,880: [INFO] Starting chromedevtools (scanner.py:177)
2021-04-17 00:18:47,547: [INFO] Starting chromedevtools (scanner.py:177)
2021-04-17 00:19:19,283: [INFO] Finished chromedevtools (scanner.py:201)
2021-04-17 00:20:22,513: [INFO] Starting chromedevtools (scanner.py:177)
2021-04-17 00:20:51,994: [INFO] Finished chromedevtools (scanner.py:201)
2021-04-17 00:57:53,969: [INFO] Starting chromedevtools (scanner.py:177)
2021-04-17 00:58:23,687: [INFO] Finished chromedevtools (scanner.py:201)
2021-04-17 00:59:51,214: [INFO] Starting chromedevtools (scanner.py:177)
2021-04-17 01:00:59,678: [INFO] Starting chromedevtools (scanner.py:177)
2021-04-17 01:02:22,174: [INFO] Starting chromedevtools (scanner.py:177)
2021-04-17 01:02:51,687: [INFO] Finished chromedevtools (scanner.py:201)
2021-04-17 01:05:54,874: [INFO] Starting chromedevtools (scanner.py:177)
2021-04-17 01:12:12,077: [INFO] Starting chromedevtools (scanner.py:177)
2021-04-17 01:12:41,980: [INFO] Finished chromedevtools (scanner.py:201)
2021-04-17 10:51:14,739: [INFO] Starting chromedevtools (scanner.py:177)
2021-04-17 10:51:55,326: [INFO] Finished chromedevtools (scanner.py:201)
2021-04-17 11:00:33,162: [INFO] Starting chromedevtools (scanner.py:177)
2021-04-17 11:01:02,732: [INFO] Finished chromedevtools (scanner.py:201)
2021-04-17 11:03:58,594: [INFO] Starting chromedevtools (scanner.py:177)
2021-04-17 11:04:27,707: [INFO] Finished chromedevtools (scanner.py:201)
2021-04-17 11:04:44,067: [INFO] Starting chromedevtools (scanner.py:177)
2021-04-17 11:05:13,048: [INFO] Finished chromedevtools (scanner.py:201)
2021-04-17 11:06:03,093: [INFO] Starting chromedevtools (scanner.py:177)
2021-04-17 11:06:32,673: [INFO] Finished chromedevtools (scanner.py:201)
2021-04-17 11:12:30,180: [INFO] Starting chromedevtools (scanner.py:177)
2021-04-17 11:13:01,026: [INFO] Finished chromedevtools (scanner.py:201)
2021-04-17 11:18:54,361: [INFO] Starting chromedevtools (scanner.py:177)
2021-04-17 11:19:26,107: [INFO] Finished chromedevtools (scanner.py:201)
2021-04-17 11:25:20,458: [INFO] Starting chromedevtools (scanner.py:177)
2021-04-17 11:25:49,918: [INFO] Finished chromedevtools (scanner.py:201)
2021-04-17 11:45:59,056: [INFO] Starting chromedevtools (scanner.py:177)
2021-04-17 11:46:30,895: [INFO] Finished chromedevtools (scanner.py:201)
2021-04-17 11:47:52,548: [INFO] Starting chromedevtools (scanner.py:177)
2021-04-17 11:48:21,923: [INFO] Finished chromedevtools (scanner.py:201)
2021-04-17 11:53:46,427: [INFO] Starting chromedevtools (scanner.py:177)
2021-04-17 11:54:37,286: [INFO] Starting chromedevtools (scanner.py:177)
2021-04-17 11:55:54,552: [INFO] Starting chromedevtools (scanner.py:177)
2021-04-17 11:56:03,425: [INFO] Starting chromedevtools (scanner.py:177)
2021-04-17 12:37:14,775: [INFO] Starting chromedevtools (scanner.py:177)
2021-04-17 12:37:44,266: [INFO] Finished chromedevtools (scanner.py:201)
2021-04-17 12:38:57,610: [INFO] Starting chromedevtools (scanner.py:177)
2021-04-17 12:39:27,229: [INFO] Finished chromedevtools (scanner.py:201)
2021-04-17 12:44:18,994: [INFO] Starting chromedevtools (scanner.py:177)
2021-04-17 12:44:51,170: [INFO] Finished chromedevtools (scanner.py:201)
2021-04-17 15:51:51,327: [INFO] Starting chromedevtools (scanner.py:177)
2021-04-17 15:52:20,591: [INFO] Finished chromedevtools (scanner.py:201)
2021-04-17 15:58:31,021: [INFO] Starting chromedevtools (scanner.py:177)
2021-04-17 15:59:05,728: [INFO] Finished chromedevtools (scanner.py:201)
2021-04-17 16:00:37,527: [INFO] Starting chromedevtools (scanner.py:177)
2021-04-17 16:01:09,282: [INFO] Finished chromedevtools (scanner.py:201)
2021-04-17 16:03:51,132: [INFO] Starting chromedevtools (scanner.py:177)
2021-04-17 16:04:23,644: [INFO] Finished chromedevtools (scanner.py:201)
2021-04-17 16:11:07,958: [INFO] Starting chromedevtools (scanner.py:177)
2021-04-17 16:11:43,132: [INFO] Finished chromedevtools (scanner.py:201)
2021-04-17 16:15:26,470: [INFO] Starting chromedevtools (scanner.py:177)
2021-04-17 16:16:04,916: [INFO] Finished chromedevtools (scanner.py:201)
2021-04-17 16:40:06,928: [INFO] Starting chromedevtools (scanner.py:177)
2021-04-17 16:40:41,893: [INFO] Finished chromedevtools (scanner.py:201)
2021-04-17 16:41:44,872: [INFO] Starting chromedevtools (scanner.py:177)
2021-04-17 16:42:21,743: [INFO] Finished chromedevtools (scanner.py:201)
2021-04-17 16:44:20,231: [INFO] Starting chromedevtools (scanner.py:177)
2021-04-17 16:44:54,034: [INFO] Finished chromedevtools (scanner.py:201)
2021-04-17 16:59:27,698: [INFO] Starting chromedevtools (scanner.py:177)
2021-04-17 17:00:01,531: [INFO] Finished chromedevtools (scanner.py:201)
2021-04-17 17:08:39,539: [INFO] Starting chromedevtools (scanner.py:177)
2021-04-17 17:09:15,800: [INFO] Finished chromedevtools (scanner.py:201)
2021-04-17 17:10:22,494: [INFO] Starting chromedevtools (scanner.py:177)
2021-04-17 17:10:55,756: [INFO] Finished chromedevtools (scanner.py:201)
2021-04-19 00:52:22,776: [INFO] Starting chromedevtools (scanner.py:177)
2021-04-19 00:52:52,911: [INFO] Finished chromedevtools (scanner.py:201)
2021-04-19 10:36:27,348: [INFO] Starting chromedevtools (scanner.py:177)
2021-04-19 10:37:07,610: [INFO] Finished chromedevtools (scanner.py:201)
2021-04-19 10:40:56,134: [INFO] Starting chromedevtools (scanner.py:177)
2021-04-19 10:41:25,584: [INFO] Finished chromedevtools (scanner.py:201)
2021-04-19 14:24:32,281: [INFO] Starting chromedevtools (scanner.py:177)
2021-04-19 14:25:01,877: [INFO] Finished chromedevtools (scanner.py:201)
2021-04-19 14:25:26,099: [INFO] Starting chromedevtools (scanner.py:177)
2021-04-19 14:25:56,884: [INFO] Finished chromedevtools (scanner.py:201)
2021-04-19 14:35:53,181: [INFO] Starting chromedevtools (scanner.py:177)
2021-04-19 14:36:22,086: [INFO] Finished chromedevtools (scanner.py:201)
2021-04-19 15:46:22,837: [INFO] Starting chromedevtools (scanner.py:177)
2021-04-19 15:46:52,533: [ERROR] Scan module `chromedevtools` failed. (scanner.py:195)
Traceback (most recent call last):
  File "/home/ronghao/TFG/privacyscanner-master/privacyscanner/scanner.py", line 182, in scan_site
    mod.scan_site(result, scan_meta)
  File "/home/ronghao/TFG/privacyscanner-master/privacyscanner/scanmodules/chromedevtools/__init__.py", line 48, in scan_site
    content = chrome_scan.scan(result, self.logger, self.options, meta, debugging_port)
  File "/home/ronghao/TFG/privacyscanner-master/privacyscanner/scanmodules/chromedevtools/chromescan.py", line 254, in scan
    content = scanner.scan(browser, result, logger, options)
  File "/home/ronghao/TFG/privacyscanner-master/privacyscanner/scanmodules/chromedevtools/chromescan.py", line 407, in scan
    self._extract_information()
  File "/home/ronghao/TFG/privacyscanner-master/privacyscanner/scanmodules/chromedevtools/chromescan.py", line 572, in _extract_information
    extractor.extract_information()
  File "/home/ronghao/TFG/privacyscanner-master/privacyscanner/scanmodules/chromedevtools/extractors/fb_pixel.py", line 16, in extract_information
    for request in self.page.request.log:
AttributeError: 'Page' object has no attribute 'request'
2021-04-19 15:46:52,542: [INFO] Finished chromedevtools (scanner.py:201)
2021-04-19 15:46:52,543: [INFO] Starting chromedevtools (scanner.py:177)
2021-04-19 15:47:20,512: [ERROR] Scan module `chromedevtools` failed. (scanner.py:195)
Traceback (most recent call last):
  File "/home/ronghao/TFG/privacyscanner-master/privacyscanner/scanner.py", line 182, in scan_site
    mod.scan_site(result, scan_meta)
  File "/home/ronghao/TFG/privacyscanner-master/privacyscanner/scanmodules/chromedevtools/__init__.py", line 48, in scan_site
    content = chrome_scan.scan(result, self.logger, self.options, meta, debugging_port)
  File "/home/ronghao/TFG/privacyscanner-master/privacyscanner/scanmodules/chromedevtools/chromescan.py", line 254, in scan
    content = scanner.scan(browser, result, logger, options)
  File "/home/ronghao/TFG/privacyscanner-master/privacyscanner/scanmodules/chromedevtools/chromescan.py", line 407, in scan
    self._extract_information()
  File "/home/ronghao/TFG/privacyscanner-master/privacyscanner/scanmodules/chromedevtools/chromescan.py", line 572, in _extract_information
    extractor.extract_information()
  File "/home/ronghao/TFG/privacyscanner-master/privacyscanner/scanmodules/chromedevtools/extractors/fb_pixel.py", line 16, in extract_information
    for request in self.page.request.log:
AttributeError: 'Page' object has no attribute 'request'
2021-04-19 15:47:20,521: [INFO] Finished chromedevtools (scanner.py:201)
2021-04-19 15:47:20,522: [INFO] Starting chromedevtools (scanner.py:177)
2021-04-19 15:48:24,971: [INFO] Starting chromedevtools (scanner.py:177)
2021-04-19 15:48:54,327: [ERROR] Scan module `chromedevtools` failed. (scanner.py:195)
Traceback (most recent call last):
  File "/home/ronghao/TFG/privacyscanner-master/privacyscanner/scanner.py", line 182, in scan_site
    mod.scan_site(result, scan_meta)
  File "/home/ronghao/TFG/privacyscanner-master/privacyscanner/scanmodules/chromedevtools/__init__.py", line 48, in scan_site
    content = chrome_scan.scan(result, self.logger, self.options, meta, debugging_port)
  File "/home/ronghao/TFG/privacyscanner-master/privacyscanner/scanmodules/chromedevtools/chromescan.py", line 254, in scan
    content = scanner.scan(browser, result, logger, options)
  File "/home/ronghao/TFG/privacyscanner-master/privacyscanner/scanmodules/chromedevtools/chromescan.py", line 407, in scan
    self._extract_information()
  File "/home/ronghao/TFG/privacyscanner-master/privacyscanner/scanmodules/chromedevtools/chromescan.py", line 572, in _extract_information
    extractor.extract_information()
  File "/home/ronghao/TFG/privacyscanner-master/privacyscanner/scanmodules/chromedevtools/extractors/fb_pixel.py", line 16, in extract_information
    for request in self.page.request.log:
AttributeError: 'Page' object has no attribute 'request'
2021-04-19 15:48:54,336: [INFO] Finished chromedevtools (scanner.py:201)
2021-04-19 15:48:54,337: [INFO] Starting chromedevtools (scanner.py:177)
2021-04-19 15:49:43,149: [INFO] Starting chromedevtools (scanner.py:177)
2021-04-19 15:50:15,213: [INFO] Finished chromedevtools (scanner.py:201)
2021-04-19 15:54:34,646: [INFO] Starting chromedevtools (scanner.py:177)
2021-04-19 15:55:09,404: [INFO] Finished chromedevtools (scanner.py:201)
2021-04-19 16:02:05,598: [INFO] Starting chromedevtools (scanner.py:177)
2021-04-19 16:02:35,153: [INFO] Finished chromedevtools (scanner.py:201)
2021-04-19 16:07:32,348: [INFO] Starting chromedevtools (scanner.py:177)
2021-04-19 16:08:01,988: [INFO] Finished chromedevtools (scanner.py:201)
2021-04-19 16:13:46,575: [INFO] Starting chromedevtools (scanner.py:177)
2021-04-19 16:14:16,744: [INFO] Finished chromedevtools (scanner.py:201)
2021-04-19 16:14:49,597: [INFO] Starting chromedevtools (scanner.py:177)
2021-04-19 16:15:19,272: [INFO] Finished chromedevtools (scanner.py:201)
